This is LuaHBTeX, Version 1.21.0 (TeX Live 2025/nixos.org)  (format=lualatex 1980.1.1)  16 NOV 2025 03:23
 restricted system commands enabled.
**main.tex
(./main.tex
LaTeX2e <2025-06-01> patch level 1
L3 programming layer <2025-06-09>
Lua module: luaotfload 2024-12-03 v3.29 Lua based OpenType font support
Lua module: lualibs 2023-07-13 v2.76 ConTeXt Lua standard libraries.
Lua module: lualibs-extended 2023-07-13 v2.76 ConTeXt Lua libraries -- extended 
collection.
luaotfload | conf : Root cache directory is "/home/sezrienne/.texlive2025/texmf-
var/luatex-cache/generic/names".
luaotfload | init : Loading fontloader "fontloader-2023-12-28.lua" from kpse-res
olved path "/nix/store/2nbqbjb168lqinhww4igfy6vg0vcychj-texlive-combined-full-20
25.20250703-texmfdist/tex/luatex/luaotfload/fontloader-2023-12-28.lua".
Lua-only attribute luaotfload@noligature = 1
luaotfload | init : Context OpenType loader version 3.134
Inserting `luaotfload.node_processor' in `pre_linebreak_filter'.
Inserting `luaotfload.node_processor' in `hpack_filter'.
Inserting `luaotfload.glyph_stream' in `glyph_stream_provider'.
Inserting `luaotfload.define_font' in `define_font'.
Lua-only attribute luaotfload_color_attribute = 2
luaotfload | conf : Root cache directory is "/home/sezrienne/.texlive2025/texmf-
var/luatex-cache/generic/names".
Inserting `luaotfload.harf.strip_prefix' in `find_opentype_file'.
Inserting `luaotfload.harf.strip_prefix' in `find_truetype_file'.
Removing  `luaotfload.glyph_stream' from `glyph_stream_provider'.
Inserting `luaotfload.harf.glyphstream' in `glyph_stream_provider'.
Inserting `luaotfload.harf.finalize_vlist' in `post_linebreak_filter'.
Inserting `luaotfload.harf.finalize_hlist' in `hpack_filter'.
Inserting `luaotfload.cleanup_files' in `wrapup_run'.
Inserting `luaotfload.harf.finalize_unicode' in `finish_pdffile'.
Inserting `luaotfload.glyphinfo' in `glyph_info'.
Lua-only attribute luaotfload.letterspace_done = 3
Inserting `luaotfload.aux.set_sscale_dimens' in `luaotfload.patch_font'.
Inserting `luaotfload.aux.set_font_index' in `luaotfload.patch_font'.
Inserting `luaotfload.aux.patch_cambria_domh' in `luaotfload.patch_font'.
Inserting `luaotfload.aux.fixup_fontdata' in `luaotfload.patch_font_unsafe'.
Inserting `luaotfload.aux.set_capheight' in `luaotfload.patch_font'.
Inserting `luaotfload.aux.set_xheight' in `luaotfload.patch_font'.
Inserting `luaotfload.rewrite_fontname' in `luaotfload.patch_font'.
Inserting `tracingstacklevels' in `input_level_string'.
(/nix/store/2nbqbjb168lqinhww4igfy6vg0vcychj-texlive-combined-full-2025.2025070
3-texmfdist/tex/latex/base/article.cls
Document Class: article 2025/01/22 v1.4n Standard LaTeX document class

(/nix/store/2nbqbjb168lqinhww4igfy6vg0vcychj-texlive-combined-full-2025.2025070
3-texmfdist/tex/latex/base/size11.clo
File: size11.clo 2025/01/22 v1.4n Standard LaTeX file (size option)
luaotfload | db : Font names database loaded from /home/sezrienne/.texlive2025/t
exmf-var/luatex-cache/generic/names/luaotfload-names.luc.gz)
\c@part=\count273
\c@section=\count274
\c@subsection=\count275
\c@subsubsection=\count276
\c@paragraph=\count277
\c@subparagraph=\count278
\c@figure=\count279
\c@table=\count280
\abovecaptionskip=\skip49
\belowcaptionskip=\skip50
\bibindent=\dimen147
)
(/nix/store/2nbqbjb168lqinhww4igfy6vg0vcychj-texlive-combined-full-2025.2025070
3-texmfdist/tex/latex/geometry/geometry.sty
Package: geometry 2020/01/02 v5.9 Page Geometry

(/nix/store/2nbqbjb168lqinhww4igfy6vg0vcychj-texlive-combined-full-2025.2025070
3-texmfdist/tex/latex/graphics/keyval.sty
Package: keyval 2022/05/29 v1.15 key=value parser (DPC)
\KV@toks@=\toks17
)
(/nix/store/2nbqbjb168lqinhww4igfy6vg0vcychj-texlive-combined-full-2025.2025070
3-texmfdist/tex/generic/iftex/ifvtex.sty
Package: ifvtex 2019/10/25 v1.7 ifvtex legacy package. Use iftex instead.

(/nix/store/2nbqbjb168lqinhww4igfy6vg0vcychj-texlive-combined-full-2025.2025070
3-texmfdist/tex/generic/iftex/iftex.sty
Package: iftex 2024/12/12 v1.0g TeX engine tests
))
\Gm@cnth=\count281
\Gm@cntv=\count282
\c@Gm@tempcnt=\count283
\Gm@bindingoffset=\dimen148
\Gm@wd@mp=\dimen149
\Gm@odd@mp=\dimen150
\Gm@even@mp=\dimen151
\Gm@layoutwidth=\dimen152
\Gm@layoutheight=\dimen153
\Gm@layouthoffset=\dimen154
\Gm@layoutvoffset=\dimen155
\Gm@dimlist=\toks18
)
(/nix/store/2nbqbjb168lqinhww4igfy6vg0vcychj-texlive-combined-full-2025.2025070
3-texmfdist/tex/latex/fontspec/fontspec.sty
(/nix/store/2nbqbjb168lqinhww4igfy6vg0vcychj-texlive-combined-full-2025.2025070
3-texmfdist/tex/latex/l3packages/xparse/xparse.sty
(/nix/store/2nbqbjb168lqinhww4igfy6vg0vcychj-texlive-combined-full-2025.2025070
3-texmfdist/tex/latex/l3kernel/expl3.sty
Package: expl3 2025-06-09 L3 programming layer (loader) 

(/nix/store/2nbqbjb168lqinhww4igfy6vg0vcychj-texlive-combined-full-2025.2025070
3-texmfdist/tex/latex/l3backend/l3backend-luatex.def
File: l3backend-luatex.def 2025-06-09 L3 backend support: PDF output (LuaTeX)
\l__color_backend_stack_int=\count284
Inserting `l3color' in `luaotfload.parse_color'.))
Package: xparse 2024-08-16 L3 Experimental document command parser
)
Package: fontspec 2024/05/11 v2.9e Font selection for XeLaTeX and LuaLaTeX
Lua module: fontspec 2024/05/11 v2.9e Font selection for XeLaTeX and LuaLaTeX
(/nix/store/2nbqbjb168lqinhww4igfy6vg0vcychj-texlive-combined-full-2025.2025070
3-texmfdist/tex/latex/fontspec/fontspec-luatex.sty
Package: fontspec-luatex 2024/05/11 v2.9e Font selection for XeLaTeX and LuaLaT
eX
\l__fontspec_script_int=\count285
\l__fontspec_language_int=\count286
\l__fontspec_strnum_int=\count287
\l__fontspec_tmp_int=\count288
\l__fontspec_tmpa_int=\count289
\l__fontspec_tmpb_int=\count290
\l__fontspec_tmpc_int=\count291
\l__fontspec_em_int=\count292
\l__fontspec_emdef_int=\count293
\l__fontspec_strong_int=\count294
\l__fontspec_strongdef_int=\count295
\l__fontspec_tmpa_dim=\dimen156
\l__fontspec_tmpb_dim=\dimen157
\l__fontspec_tmpc_dim=\dimen158

(/nix/store/2nbqbjb168lqinhww4igfy6vg0vcychj-texlive-combined-full-2025.2025070
3-texmfdist/tex/latex/base/fontenc.sty
Package: fontenc 2024/12/21 v2.1c Standard LaTeX package
)
(/nix/store/2nbqbjb168lqinhww4igfy6vg0vcychj-texlive-combined-full-2025.2025070
3-texmfdist/tex/latex/fontspec/fontspec.cfg)))
(/nix/store/2nbqbjb168lqinhww4igfy6vg0vcychj-texlive-combined-full-2025.2025070
3-texmfdist/tex/generic/babel/babel.sty
Package: babel 2025/06/10 v25.10 The multilingual framework for pdfLaTeX, LuaLa
TeX and XeLaTeX

(/nix/store/2nbqbjb168lqinhww4igfy6vg0vcychj-texlive-combined-full-2025.2025070
3-texmfdist/tex/generic/babel/luababel.def
\bbl@readstream=\read2
\l@dumylang=\language2
Package babel Info: Non-standard hyphenation setup on input line 118.
\l@nohyphenation=\language3
\l@german-x-2024-02-28=\language4
\l@ngerman-x-2024-02-28=\language5
\l@afrikaans=\language6
\l@albanian=\language7
\l@ancientgreek=\language8
\l@ibycus=\language9
\l@arabic=\language10
\l@armenian=\language11
\l@basque=\language12
\l@belarusian=\language13
\l@bulgarian=\language14
\l@catalan=\language15
\l@pinyin=\language16
\l@churchslavonic=\language17
\l@coptic=\language18
\l@croatian=\language19
\l@czech=\language20
\l@danish=\language21
\l@dutch=\language22
\l@ukenglish=\language23
\l@usenglishmax=\language24
\l@esperanto=\language25
\l@estonian=\language26
\l@ethiopic=\language27
\l@farsi=\language28
\l@finnish=\language29
\l@schoolfinnish=\language30
\l@french=\language31
\l@friulan=\language32
\l@galician=\language33
\l@georgian=\language34
\l@german=\language35
\l@ngerman=\language36
\l@swissgerman=\language37
\l@greek=\language38
\l@monogreek=\language39
\l@hebrew=\language40
\l@hungarian=\language41
\l@icelandic=\language42
\l@assamese=\language43
\l@bengali=\language44
\l@gujarati=\language45
\l@hindi=\language46
\l@kannada=\language47
\l@malayalam=\language48
\l@marathi=\language49
\l@oriya=\language50
\l@pali=\language51
\l@panjabi=\language52
\l@tamil=\language53
\l@telugu=\language54
\l@indonesian=\language55
\l@interlingua=\language56
\l@irish=\language57
\l@italian=\language58
\l@kurmanji=\language59
\l@classiclatin=\language60
\l@latin=\language61
\l@liturgicallatin=\language62
\l@latvian=\language63
\l@lithuanian=\language64
\l@macedonian=\language65
\l@mongolian=\language66
\l@mongolianlmc=\language67
\l@bokmal=\language68
\l@nynorsk=\language69
\l@occitan=\language70
\l@piedmontese=\language71
\l@polish=\language72
\l@portuguese=\language73
\l@romanian=\language74
\l@romansh=\language75
\l@russian=\language76
\l@sanskrit=\language77
\l@serbian=\language78
\l@serbianc=\language79
\l@slovak=\language80
\l@slovenian=\language81
\l@spanish=\language82
\l@swedish=\language83
\l@thai=\language84
\l@turkish=\language85
\l@turkmen=\language86
\l@ukrainian=\language87
\l@uppersorbian=\language88
\l@vietnamese=\language89
\l@welsh=\language90
\babelcatcodetablenum=\catcodetable14
\bbl@pattcodes=\catcodetable15
)
\babel@savecnt=\count296
LaTeX Encoding Info:    Redeclaring text command \ij (encoding OT1) on input li
ne 2043.
LaTeX Encoding Info:    Redeclaring text command \IJ (encoding OT1) on input li
ne 2045.
LaTeX Encoding Info:    Redeclaring text command \ij (encoding T1) on input lin
e 2047.
LaTeX Encoding Info:    Redeclaring text command \IJ (encoding T1) on input lin
e 2048.
LaTeX Encoding Info:    Ignoring declaration for text command \ij (encoding ?) 
on input line 2049.
LaTeX Encoding Info:    Ignoring declaration for text command \IJ (encoding ?) 
on input line 2051.
LaTeX Encoding Info:    Ignoring declaration for text command \SS (encoding ?) 
on input line 2076.
\U@D=\dimen159
\l@unhyphenated=\language91

(/nix/store/2nbqbjb168lqinhww4igfy6vg0vcychj-texlive-combined-full-2025.2025070
3-texmfdist/tex/generic/babel/luababel.def
\bbl@attr@locale=\attribute4

(/nix/store/2nbqbjb168lqinhww4igfy6vg0vcychj-texlive-combined-full-2025.2025070
3-texmfdist/tex/luatex/luatexbase/luatexbase.sty
Package: luatexbase 2015/10/04 v1.3 luatexbase interface to LuaTeX 

(/nix/store/2nbqbjb168lqinhww4igfy6vg0vcychj-texlive-combined-full-2025.2025070
3-texmfdist/tex/luatex/ctablestack/ctablestack.sty
Package: ctablestack 2015/10/01 v1.0 Catcode table stable support
\@catcodetablestackcnt=\count297
)
\CatcodeTableOther=\catcodetable16
\CatcodeTableExpl=\catcodetable17
)
Removing  `luaotfload.node_processor' from `pre_linebreak_filter'.
Inserting `Babel.pre_otfload_v' in `pre_linebreak_filter'.
Inserting `luaotfload.node_processor' in `pre_linebreak_filter'.
Removing  `luaotfload.node_processor' from `hpack_filter'.
Removing  `luaotfload.harf.finalize_hlist' from `hpack_filter'.
Inserting `Babel.pre_otfload_h' in `hpack_filter'.
Inserting `luaotfload.node_processor' in `hpack_filter'.
Inserting `luaotfload.harf.finalize_hlist' in `hpack_filter'.
\bbl@attr@dir=\attribute5
)
(/nix/store/2nbqbjb168lqinhww4igfy6vg0vcychj-texlive-combined-full-2025.2025070
3-texmfdist/tex/generic/babel/locale/en/babel-english.tex)
Package babel Info: Importing data for english
(babel)             from babel-en.ini. Reported on input line 4245.
)
(/nix/store/2nbqbjb168lqinhww4igfy6vg0vcychj-texlive-combined-full-2025.2025070
3-texmfdist/tex/generic/babel/locale/en/babel-english.tex)
Package babel Info: Importing data for english
(babel)             from babel-en.ini. Reported on input line 7.
Inserting `Babel.hyphenate' in `hyphenate'.
(/nix/store/2nbqbjb168lqinhww4igfy6vg0vcychj-texlive-combined-full-2025.2025070
3-texmfdist/tex/latex/amsmath/amsmath.sty
Package: amsmath 2025/06/16 v2.17y AMS math features
\@mathmargin=\skip51

For additional information on amsmath, use the `?' option.

(/nix/store/2nbqbjb168lqinhww4igfy6vg0vcychj-texlive-combined-full-2025.2025070
3-texmfdist/tex/latex/amsmath/amstext.sty
Package: amstext 2024/11/17 v2.01 AMS text

(/nix/store/2nbqbjb168lqinhww4igfy6vg0vcychj-texlive-combined-full-2025.2025070
3-texmfdist/tex/latex/amsmath/amsgen.sty
File: amsgen.sty 1999/11/30 v2.0 generic functions
\@emptytoks=\toks19
\ex@=\dimen160
))
(/nix/store/2nbqbjb168lqinhww4igfy6vg0vcychj-texlive-combined-full-2025.2025070
3-texmfdist/tex/latex/amsmath/amsbsy.sty
Package: amsbsy 1999/11/29 v1.2d Bold Symbols
\pmbraise@=\dimen161
)
(/nix/store/2nbqbjb168lqinhww4igfy6vg0vcychj-texlive-combined-full-2025.2025070
3-texmfdist/tex/latex/amsmath/amsopn.sty
Package: amsopn 2022/04/08 v2.04 operator names
)
\inf@bad=\count298
LaTeX Info: Redefining \frac on input line 235.
\uproot@=\count299
\leftroot@=\count300
LaTeX Info: Redefining \overline on input line 398.
LaTeX Info: Redefining \colon on input line 409.
\classnum@=\count301
\DOTSCASE@=\count302
LaTeX Info: Redefining \ldots on input line 495.
LaTeX Info: Redefining \dots on input line 498.
LaTeX Info: Redefining \cdots on input line 619.
\Mathstrutbox@=\box53
\strutbox@=\box54
LaTeX Info: Redefining \big on input line 721.
LaTeX Info: Redefining \Big on input line 722.
LaTeX Info: Redefining \bigg on input line 723.
LaTeX Info: Redefining \Bigg on input line 724.
\big@size=\dimen162
LaTeX Font Info:    Redeclaring font encoding OML on input line 742.
LaTeX Font Info:    Redeclaring font encoding OMS on input line 743.
\macc@depth=\count303
LaTeX Info: Redefining \bmod on input line 904.
LaTeX Info: Redefining \pmod on input line 909.
LaTeX Info: Redefining \smash on input line 939.
LaTeX Info: Redefining \relbar on input line 969.
LaTeX Info: Redefining \Relbar on input line 970.
\c@MaxMatrixCols=\count304
\dotsspace@=\muskip17
\c@parentequation=\count305
\dspbrk@lvl=\count306
\tag@help=\toks20
\row@=\count307
\column@=\count308
\maxfields@=\count309
\andhelp@=\toks21
\eqnshift@=\dimen163
\alignsep@=\dimen164
\tagshift@=\dimen165
\tagwidth@=\dimen166
\totwidth@=\dimen167
\lineht@=\dimen168
\@envbody=\toks22
\multlinegap=\skip52
\multlinetaggap=\skip53
\mathdisplay@stack=\toks23
LaTeX Info: Redefining \[ on input line 2949.
LaTeX Info: Redefining \] on input line 2950.
)
(/nix/store/2nbqbjb168lqinhww4igfy6vg0vcychj-texlive-combined-full-2025.2025070
3-texmfdist/tex/latex/booktabs/booktabs.sty
Package: booktabs 2020/01/12 v1.61803398 Publication quality tables
\heavyrulewidth=\dimen169
\lightrulewidth=\dimen170
\cmidrulewidth=\dimen171
\belowrulesep=\dimen172
\belowbottomsep=\dimen173
\aboverulesep=\dimen174
\abovetopsep=\dimen175
\cmidrulesep=\dimen176
\cmidrulekern=\dimen177
\defaultaddspace=\dimen178
\@cmidla=\count310
\@cmidlb=\count311
\@aboverulesep=\dimen179
\@belowrulesep=\dimen180
\@thisruleclass=\count312
\@lastruleclass=\count313
\@thisrulewidth=\dimen181
)
(/nix/store/2nbqbjb168lqinhww4igfy6vg0vcychj-texlive-combined-full-2025.2025070
3-texmfdist/tex/latex/hyperref/hyperref.sty
Package: hyperref 2025-06-21 v7.01n Hypertext links for LaTeX

(/nix/store/2nbqbjb168lqinhww4igfy6vg0vcychj-texlive-combined-full-2025.2025070
3-texmfdist/tex/latex/kvsetkeys/kvsetkeys.sty
Package: kvsetkeys 2022-10-05 v1.19 Key value parser (HO)
)
(/nix/store/2nbqbjb168lqinhww4igfy6vg0vcychj-texlive-combined-full-2025.2025070
3-texmfdist/tex/generic/kvdefinekeys/kvdefinekeys.sty
Package: kvdefinekeys 2019-12-19 v1.6 Define keys (HO)
)
(/nix/store/2nbqbjb168lqinhww4igfy6vg0vcychj-texlive-combined-full-2025.2025070
3-texmfdist/tex/generic/pdfescape/pdfescape.sty
Package: pdfescape 2019/12/09 v1.15 Implements pdfTeX's escape features (HO)

(/nix/store/2nbqbjb168lqinhww4igfy6vg0vcychj-texlive-combined-full-2025.2025070
3-texmfdist/tex/generic/ltxcmds/ltxcmds.sty
Package: ltxcmds 2023-12-04 v1.26 LaTeX kernel commands for general use (HO)
)
(/nix/store/2nbqbjb168lqinhww4igfy6vg0vcychj-texlive-combined-full-2025.2025070
3-texmfdist/tex/generic/pdftexcmds/pdftexcmds.sty
Package: pdftexcmds 2020-06-27 v0.33 Utility functions of pdfTeX for LuaTeX (HO
)

(/nix/store/2nbqbjb168lqinhww4igfy6vg0vcychj-texlive-combined-full-2025.2025070
3-texmfdist/tex/generic/infwarerr/infwarerr.sty
Package: infwarerr 2019/12/03 v1.5 Providing info/warning/error messages (HO)
)
Package pdftexcmds Info: \pdf@primitive is available.
Package pdftexcmds Info: \pdf@ifprimitive is available.
Package pdftexcmds Info: \pdfdraftmode found.
\pdftexcmds@toks=\toks24
))
(/nix/store/2nbqbjb168lqinhww4igfy6vg0vcychj-texlive-combined-full-2025.2025070
3-texmfdist/tex/latex/hycolor/hycolor.sty
Package: hycolor 2020-01-27 v1.10 Color options for hyperref/bookmark (HO)
)
(/nix/store/2nbqbjb168lqinhww4igfy6vg0vcychj-texlive-combined-full-2025.2025070
3-texmfdist/tex/latex/hyperref/nameref.sty
Package: nameref 2025-06-21 v2.57 Cross-referencing by name of section

(/nix/store/2nbqbjb168lqinhww4igfy6vg0vcychj-texlive-combined-full-2025.2025070
3-texmfdist/tex/latex/refcount/refcount.sty
Package: refcount 2019/12/15 v3.6 Data extraction from label references (HO)
)
(/nix/store/2nbqbjb168lqinhww4igfy6vg0vcychj-texlive-combined-full-2025.2025070
3-texmfdist/tex/generic/gettitlestring/gettitlestring.sty
Package: gettitlestring 2019/12/15 v1.6 Cleanup title references (HO)

(/nix/store/2nbqbjb168lqinhww4igfy6vg0vcychj-texlive-combined-full-2025.2025070
3-texmfdist/tex/latex/kvoptions/kvoptions.sty
Package: kvoptions 2022-06-15 v3.15 Key value format for package options (HO)
))
\c@section@level=\count314
)
(/nix/store/2nbqbjb168lqinhww4igfy6vg0vcychj-texlive-combined-full-2025.2025070
3-texmfdist/tex/latex/etoolbox/etoolbox.sty
Package: etoolbox 2025/02/11 v2.5l e-TeX tools for LaTeX (JAW)
\etb@tempcnta=\count315
)
(/nix/store/2nbqbjb168lqinhww4igfy6vg0vcychj-texlive-combined-full-2025.2025070
3-texmfdist/tex/generic/stringenc/stringenc.sty
Package: stringenc 2019/11/29 v1.12 Convert strings between diff. encodings (HO
)
)
\@linkdim=\dimen182
\Hy@linkcounter=\count316
\Hy@pagecounter=\count317

(/nix/store/2nbqbjb168lqinhww4igfy6vg0vcychj-texlive-combined-full-2025.2025070
3-texmfdist/tex/latex/hyperref/pd1enc.def
File: pd1enc.def 2025-06-21 v7.01n Hyperref: PDFDocEncoding definition (HO)
)
(/nix/store/2nbqbjb168lqinhww4igfy6vg0vcychj-texlive-combined-full-2025.2025070
3-texmfdist/tex/generic/intcalc/intcalc.sty
Package: intcalc 2019/12/15 v1.3 Expandable calculations with integers (HO)
)
\Hy@SavedSpaceFactor=\count318

(/nix/store/2nbqbjb168lqinhww4igfy6vg0vcychj-texlive-combined-full-2025.2025070
3-texmfdist/tex/latex/hyperref/puenc.def
File: puenc.def 2025-06-21 v7.01n Hyperref: PDF Unicode definition (HO)
)
Package hyperref Info: Hyper figures OFF on input line 4181.
Package hyperref Info: Link nesting OFF on input line 4186.
Package hyperref Info: Hyper index ON on input line 4189.
Package hyperref Info: Plain pages OFF on input line 4196.
Package hyperref Info: Backreferencing OFF on input line 4201.
Package hyperref Info: Implicit mode ON; LaTeX internals redefined.
Package hyperref Info: Bookmarks ON on input line 4448.
\c@Hy@tempcnt=\count319

(/nix/store/2nbqbjb168lqinhww4igfy6vg0vcychj-texlive-combined-full-2025.2025070
3-texmfdist/tex/latex/url/url.sty
\Urlmuskip=\muskip18
Package: url 2013/09/16  ver 3.4  Verb mode for urls, etc.
)
LaTeX Info: Redefining \url on input line 4787.
\XeTeXLinkMargin=\dimen183

(/nix/store/2nbqbjb168lqinhww4igfy6vg0vcychj-texlive-combined-full-2025.2025070
3-texmfdist/tex/generic/bitset/bitset.sty
Package: bitset 2019/12/09 v1.3 Handle bit-vector datatype (HO)

(/nix/store/2nbqbjb168lqinhww4igfy6vg0vcychj-texlive-combined-full-2025.2025070
3-texmfdist/tex/generic/bigintcalc/bigintcalc.sty
Package: bigintcalc 2019/12/15 v1.5 Expandable calculations on big integers (HO
)
))
\Fld@menulength=\count320
\Field@Width=\dimen184
\Fld@charsize=\dimen185
Package hyperref Info: Hyper figures OFF on input line 6066.
Package hyperref Info: Link nesting OFF on input line 6071.
Package hyperref Info: Hyper index ON on input line 6074.
Package hyperref Info: backreferencing OFF on input line 6081.
Package hyperref Info: Link coloring OFF on input line 6086.
Package hyperref Info: Link coloring with OCG OFF on input line 6091.
Package hyperref Info: PDF/A mode OFF on input line 6096.
\Hy@abspage=\count321
\c@Item=\count322
\c@Hfootnote=\count323
)
Package hyperref Info: Driver (autodetected): hluatex.

(/nix/store/2nbqbjb168lqinhww4igfy6vg0vcychj-texlive-combined-full-2025.2025070
3-texmfdist/tex/latex/hyperref/hluatex.def
File: hluatex.def 2025-06-21 v7.01n Hyperref driver for luaTeX
\Fld@listcount=\count324
\c@bookmark@seq@number=\count325

(/nix/store/2nbqbjb168lqinhww4igfy6vg0vcychj-texlive-combined-full-2025.2025070
3-texmfdist/tex/latex/rerunfilecheck/rerunfilecheck.sty
Package: rerunfilecheck 2025-06-21 v1.11 Rerun checks for auxiliary files (HO)

(/nix/store/2nbqbjb168lqinhww4igfy6vg0vcychj-texlive-combined-full-2025.2025070
3-texmfdist/tex/generic/uniquecounter/uniquecounter.sty
Package: uniquecounter 2019/12/15 v1.4 Provide unlimited unique counter (HO)
)
Package uniquecounter Info: New unique counter `rerunfilecheck' on input line 2
84.
)
\Hy@SectionHShift=\skip54
)
(/nix/store/2nbqbjb168lqinhww4igfy6vg0vcychj-texlive-combined-full-2025.2025070
3-texmfdist/tex/latex/enumitem/enumitem.sty
Package: enumitem 2025/02/06 v3.11 Customized lists
\labelindent=\skip55
\enit@outerparindent=\dimen186
\enit@toks=\toks25
\enit@inbox=\box55
\enit@count@id=\count326
\enitdp@description=\count327
)
(/nix/store/2nbqbjb168lqinhww4igfy6vg0vcychj-texlive-combined-full-2025.2025070
3-texmfdist/tex/latex/jknapltx/mathrsfs.sty
Package: mathrsfs 1996/01/01 Math RSFS package v1.0 (jk)
\symrsfs=\mathgroup4
)
(/nix/store/2nbqbjb168lqinhww4igfy6vg0vcychj-texlive-combined-full-2025.2025070
3-texmfdist/tex/latex/pdfpages/pdfpages.sty
Package: pdfpages 2025/03/12 v0.6f Insert pages of external PDF documents (AM)

(/nix/store/2nbqbjb168lqinhww4igfy6vg0vcychj-texlive-combined-full-2025.2025070
3-texmfdist/tex/latex/base/ifthen.sty
Package: ifthen 2024/03/16 v1.1e Standard LaTeX ifthen package (DPC)
)
(/nix/store/2nbqbjb168lqinhww4igfy6vg0vcychj-texlive-combined-full-2025.2025070
3-texmfdist/tex/latex/tools/calc.sty
Package: calc 2025/03/01 v4.3b Infix arithmetic (KKT,FJ)
\calc@Acount=\count328
\calc@Bcount=\count329
\calc@Adimen=\dimen187
\calc@Bdimen=\dimen188
\calc@Askip=\skip56
\calc@Bskip=\skip57
LaTeX Info: Redefining \setlength on input line 86.
LaTeX Info: Redefining \addtolength on input line 87.
\calc@Ccount=\count330
\calc@Cskip=\skip58
)
(/nix/store/2nbqbjb168lqinhww4igfy6vg0vcychj-texlive-combined-full-2025.2025070
3-texmfdist/tex/latex/eso-pic/eso-pic.sty
Package: eso-pic 2023/05/03 v3.0c eso-pic (RN)
\ESO@tempdima=\dimen189
\ESO@tempdimb=\dimen190

(/nix/store/2nbqbjb168lqinhww4igfy6vg0vcychj-texlive-combined-full-2025.2025070
3-texmfdist/tex/latex/xcolor/xcolor.sty
Package: xcolor 2024/09/29 v3.02 LaTeX color extensions (UK)

(/nix/store/2nbqbjb168lqinhww4igfy6vg0vcychj-texlive-combined-full-2025.2025070
3-texmfdist/tex/latex/graphics-cfg/color.cfg
File: color.cfg 2016/01/02 v1.6 sample color configuration
)
Package xcolor Info: Driver file: luatex.def on input line 274.

(/nix/store/2nbqbjb168lqinhww4igfy6vg0vcychj-texlive-combined-full-2025.2025070
3-texmfdist/tex/latex/graphics-def/luatex.def
File: luatex.def 2024/04/13 v1.2e Graphics/color driver for luatex
)
(/nix/store/2nbqbjb168lqinhww4igfy6vg0vcychj-texlive-combined-full-2025.2025070
3-texmfdist/tex/latex/graphics/mathcolor.ltx)
Package xcolor Info: Model `cmy' substituted by `cmy0' on input line 1349.
Package xcolor Info: Model `hsb' substituted by `rgb' on input line 1353.
Package xcolor Info: Model `RGB' extended on input line 1365.
Package xcolor Info: Model `HTML' substituted by `rgb' on input line 1367.
Package xcolor Info: Model `Hsb' substituted by `hsb' on input line 1368.
Package xcolor Info: Model `tHsb' substituted by `hsb' on input line 1369.
Package xcolor Info: Model `HSB' substituted by `hsb' on input line 1370.
Package xcolor Info: Model `Gray' substituted by `gray' on input line 1371.
Package xcolor Info: Model `wave' substituted by `hsb' on input line 1372.
))
(/nix/store/2nbqbjb168lqinhww4igfy6vg0vcychj-texlive-combined-full-2025.2025070
3-texmfdist/tex/latex/graphics/graphicx.sty
Package: graphicx 2024/12/31 v1.2e Enhanced LaTeX Graphics (DPC,SPQR)

(/nix/store/2nbqbjb168lqinhww4igfy6vg0vcychj-texlive-combined-full-2025.2025070
3-texmfdist/tex/latex/graphics/graphics.sty
Package: graphics 2024/08/06 v1.4g Standard LaTeX Graphics (DPC,SPQR)

(/nix/store/2nbqbjb168lqinhww4igfy6vg0vcychj-texlive-combined-full-2025.2025070
3-texmfdist/tex/latex/graphics/trig.sty
Package: trig 2023/12/02 v1.11 sin cos tan (DPC)
)
(/nix/store/2nbqbjb168lqinhww4igfy6vg0vcychj-texlive-combined-full-2025.2025070
3-texmfdist/tex/latex/graphics-cfg/graphics.cfg
File: graphics.cfg 2016/06/04 v1.11 sample graphics configuration
)
Package graphics Info: Driver file: luatex.def on input line 106.
)
\Gin@req@height=\dimen191
\Gin@req@width=\dimen192
)
\AM@pagewidth=\dimen193
\AM@pageheight=\dimen194
\AM@fboxrule=\dimen195

(/nix/store/2nbqbjb168lqinhww4igfy6vg0vcychj-texlive-combined-full-2025.2025070
3-texmfdist/tex/latex/pdfpages/ppluatex.def
File: ppluatex.def 2025/03/12 v0.6f Pdfpages driver for LuaTeX (AM)
)
\pdfpages@includegraphics@status=\count331
\AM@pagebox=\box56
\AM@global@opts=\toks26
\AM@pagecnt=\count332
\AM@toc@title=\toks27
\AM@lof@heading=\toks28
\c@AM@survey=\count333
\AM@templatesizebox=\box57
) (./main.aux (./Part_B/part_b.aux))
\openout1 = main.aux

LaTeX Font Info:    Checking defaults for OML/cmm/m/it on input line 19.
LaTeX Font Info:    ... okay on input line 19.
LaTeX Font Info:    Checking defaults for OMS/cmsy/m/n on input line 19.
LaTeX Font Info:    ... okay on input line 19.
LaTeX Font Info:    Checking defaults for OT1/cmr/m/n on input line 19.
LaTeX Font Info:    ... okay on input line 19.
LaTeX Font Info:    Checking defaults for T1/cmr/m/n on input line 19.
LaTeX Font Info:    ... okay on input line 19.
LaTeX Font Info:    Checking defaults for TS1/cmr/m/n on input line 19.
LaTeX Font Info:    ... okay on input line 19.
LaTeX Font Info:    Checking defaults for TU/lmr/m/n on input line 19.
LaTeX Font Info:    ... okay on input line 19.
LaTeX Font Info:    Checking defaults for OMX/cmex/m/n on input line 19.
LaTeX Font Info:    ... okay on input line 19.
LaTeX Font Info:    Checking defaults for U/cmr/m/n on input line 19.
LaTeX Font Info:    ... okay on input line 19.
LaTeX Font Info:    Checking defaults for PD1/pdf/m/n on input line 19.
LaTeX Font Info:    ... okay on input line 19.
LaTeX Font Info:    Checking defaults for PU/pdf/m/n on input line 19.
LaTeX Font Info:    ... okay on input line 19.

*geometry* driver: auto-detecting
*geometry* detected driver: luatex
*geometry* verbose mode - [ preamble ] result:
* driver: luatex
* paper: a4paper
* layout: <same size as paper>
* layoutoffset:(h,v)=(0.0pt,0.0pt)
* modes: 
* h-part:(L,W,R)=(56.9055pt, 483.69687pt, 56.9055pt)
* v-part:(T,H,B)=(71.13188pt, 702.78308pt, 71.13188pt)
* \paperwidth=597.50787pt
* \paperheight=845.04684pt
* \textwidth=483.69687pt
* \textheight=702.78308pt
* \oddsidemargin=-15.36449pt
* \evensidemargin=-15.36449pt
* \topmargin=-38.1381pt
* \headheight=12.0pt
* \headsep=25.0pt
* \topskip=11.0pt
* \footskip=30.0pt
* \marginparwidth=50.0pt
* \marginparsep=10.0pt
* \columnsep=10.0pt
* \skip\footins=10.0pt plus 4.0pt minus 2.0pt
* \hoffset=0.0pt
* \voffset=0.0pt
* \mag=1000
* \@twocolumnfalse
* \@twosidefalse
* \@mparswitchfalse
* \@reversemarginfalse
* (1in=72.27pt=25.4mm, 1cm=28.453pt)


Package fontspec Info: 
(fontspec)             Adjusting the maths setup (use [no-math] to avoid
(fontspec)             this).

\symlegacymaths=\mathgroup5
LaTeX Font Info:    Overwriting symbol font `legacymaths' in version `bold'
(Font)                  OT1/cmr/m/n --> OT1/cmr/bx/n on input line 19.
LaTeX Font Info:    Redeclaring math accent \acute on input line 19.
LaTeX Font Info:    Redeclaring math accent \grave on input line 19.
LaTeX Font Info:    Redeclaring math accent \ddot on input line 19.
LaTeX Font Info:    Redeclaring math accent \tilde on input line 19.
LaTeX Font Info:    Redeclaring math accent \bar on input line 19.
LaTeX Font Info:    Redeclaring math accent \breve on input line 19.
LaTeX Font Info:    Redeclaring math accent \check on input line 19.
LaTeX Font Info:    Redeclaring math accent \hat on input line 19.
LaTeX Font Info:    Redeclaring math accent \dot on input line 19.
LaTeX Font Info:    Redeclaring math accent \mathring on input line 19.
LaTeX Font Info:    Redeclaring math symbol \Gamma on input line 19.
LaTeX Font Info:    Redeclaring math symbol \Delta on input line 19.
LaTeX Font Info:    Redeclaring math symbol \Theta on input line 19.
LaTeX Font Info:    Redeclaring math symbol \Lambda on input line 19.
LaTeX Font Info:    Redeclaring math symbol \Xi on input line 19.
LaTeX Font Info:    Redeclaring math symbol \Pi on input line 19.
LaTeX Font Info:    Redeclaring math symbol \Sigma on input line 19.
LaTeX Font Info:    Redeclaring math symbol \Upsilon on input line 19.
LaTeX Font Info:    Redeclaring math symbol \Phi on input line 19.
LaTeX Font Info:    Redeclaring math symbol \Psi on input line 19.
LaTeX Font Info:    Redeclaring math symbol \Omega on input line 19.
LaTeX Font Info:    Redeclaring math symbol \mathdollar on input line 19.
LaTeX Font Info:    Redeclaring symbol font `operators' on input line 19.
LaTeX Font Info:    Encoding `OT1' has changed to `TU' for symbol font
(Font)              `operators' in the math version `normal' on input line 19.
LaTeX Font Info:    Overwriting symbol font `operators' in version `normal'
(Font)                  OT1/cmr/m/n --> TU/lmr/m/n on input line 19.
LaTeX Font Info:    Encoding `OT1' has changed to `TU' for symbol font
(Font)              `operators' in the math version `bold' on input line 19.
LaTeX Font Info:    Overwriting symbol font `operators' in version `bold'
(Font)                  OT1/cmr/bx/n --> TU/lmr/m/n on input line 19.
LaTeX Font Info:    Overwriting symbol font `operators' in version `normal'
(Font)                  TU/lmr/m/n --> TU/lmr/m/n on input line 19.
LaTeX Font Info:    Overwriting math alphabet `\mathit' in version `normal'
(Font)                  OT1/cmr/m/it --> TU/lmr/m/it on input line 19.
LaTeX Font Info:    Overwriting math alphabet `\mathbf' in version `normal'
(Font)                  OT1/cmr/bx/n --> TU/lmr/b/n on input line 19.
LaTeX Font Info:    Overwriting math alphabet `\mathsf' in version `normal'
(Font)                  OT1/cmss/m/n --> TU/lmss/m/n on input line 19.
LaTeX Font Info:    Overwriting math alphabet `\mathtt' in version `normal'
(Font)                  OT1/cmtt/m/n --> TU/lmtt/m/n on input line 19.
LaTeX Font Info:    Overwriting symbol font `operators' in version `bold'
(Font)                  TU/lmr/m/n --> TU/lmr/b/n on input line 19.
LaTeX Font Info:    Overwriting math alphabet `\mathit' in version `bold'
(Font)                  OT1/cmr/bx/it --> TU/lmr/b/it on input line 19.
LaTeX Font Info:    Overwriting math alphabet `\mathsf' in version `bold'
(Font)                  OT1/cmss/bx/n --> TU/lmss/b/n on input line 19.
LaTeX Font Info:    Overwriting math alphabet `\mathtt' in version `bold'
(Font)                  OT1/cmtt/m/n --> TU/lmtt/b/n on input line 19.
Removing  `Babel.pre_otfload_h' from `hpack_filter'.
Removing  `luaotfload.node_processor' from `hpack_filter'.
Removing  `luaotfload.harf.finalize_hlist' from `hpack_filter'.
Inserting `Babel.math_box_dir' in `hpack_filter'.
Inserting `Babel.pre_otfload_h' in `hpack_filter'.
Inserting `luaotfload.node_processor' in `hpack_filter'.
Inserting `luaotfload.harf.finalize_hlist' in `hpack_filter'.
Inserting `Babel.unset_atdir' in `pre_linebreak_filter'.
Inserting `Babel.unset_atdir' in `hpack_filter'.
Package hyperref Info: Link coloring OFF on input line 19.
(./main.out) (./main.out)
\@outlinefile=\write3

\openout3 = main.out

(/nix/store/2nbqbjb168lqinhww4igfy6vg0vcychj-texlive-combined-full-2025.2025070
3-texmfdist/tex/context/base/mkii/supp-pdf.mkii
[Loading MPS to PDF converter (version 2006.09.02).]
\scratchcounter=\count334
\scratchdimen=\dimen196
\scratchbox=\box58
\nofMPsegments=\count335
\nofMParguments=\count336
\everyMPshowfont=\toks29
\MPscratchCnt=\count337
\MPscratchDim=\dimen197
\MPnumerator=\count338
\makeMPintoPDFobject=\count339
\everyMPtoPDFconversion=\toks30
)
(/nix/store/2nbqbjb168lqinhww4igfy6vg0vcychj-texlive-combined-full-2025.2025070
3-texmfdist/tex/latex/epstopdf-pkg/epstopdf-base.sty
Package: epstopdf-base 2020-01-24 v2.11 Base part for package epstopdf
Package epstopdf-base Info: Redefining graphics rule for `.eps' on input line 4
85.

(/nix/store/2nbqbjb168lqinhww4igfy6vg0vcychj-texlive-combined-full-2025.2025070
3-texmfdist/tex/latex/latexconfig/epstopdf-sys.cfg
File: epstopdf-sys.cfg 2010/07/13 v1.3 Configuration of (r)epstopdf for TeX Liv
e
))
(/nix/store/2nbqbjb168lqinhww4igfy6vg0vcychj-texlive-combined-full-2025.2025070
3-texmfdist/tex/latex/pdflscape/pdflscape.sty
Package: pdflscape 2025-06-23 v0.14 Display of landscape pages in PDF

(/nix/store/2nbqbjb168lqinhww4igfy6vg0vcychj-texlive-combined-full-2025.2025070
3-texmfdist/tex/latex/pdflscape/pdflscape-nometadata.sty
Package: pdflscape-nometadata 2025-06-23 v0.14 Display of landscape pages in PD
F (HO)

(/nix/store/2nbqbjb168lqinhww4igfy6vg0vcychj-texlive-combined-full-2025.2025070
3-texmfdist/tex/latex/graphics/lscape.sty
Package: lscape 2020/05/28 v3.02 Landscape Pages (DPC)
)
Package pdflscape Info: Auto-detected driver: pdftex on input line 81.
))
LaTeX Font Info:    Trying to load font information for U+rsfs on input line 22
.

(/nix/store/2nbqbjb168lqinhww4igfy6vg0vcychj-texlive-combined-full-2025.2025070
3-texmfdist/tex/latex/jknapltx/ursfs.fd
File: ursfs.fd 1998/03/24 rsfs font definition file (jk)
)

[1

{/nix/store/is0cqpv37jrl19yyv17p6h3z3s362rng-texlive-combined-full-2025.20250703
/share/texmf-var/fonts/map/pdftex/updmap/pdftex.map}]
\openout2 = Part_B/part_b.aux
 (./Part_B/part_b.tex)
<Part_B/code.pdf, id=28, 614.295pt x 794.97pt>
File: Part_B/code.pdf Graphic file (type pdf)
<use Part_B/code.pdf>
Package luatex.def Info: Part_B/code.pdf  used on input line 30.
(luatex.def)             Requested size: 614.29349pt x 794.96806pt.
<Part_B/code.pdf, id=30, page=1, 614.295pt x 794.97pt>
File: Part_B/code.pdf Graphic file (type pdf)
<use Part_B/code.pdf, page 1>
Package luatex.def Info: Part_B/code.pdf , page1 used on input line 30.
(luatex.def)             Requested size: 614.29349pt x 794.96806pt.
File: Part_B/code.pdf Graphic file (type pdf)
<use Part_B/code.pdf, page 1>
Package luatex.def Info: Part_B/code.pdf , page1 used on input line 30.
(luatex.def)             Requested size: 597.78697pt x 773.60669pt.
File: Part_B/code.pdf Graphic file (type pdf)
<use Part_B/code.pdf, page 1>
Package luatex.def Info: Part_B/code.pdf , page1 used on input line 30.
(luatex.def)             Requested size: 597.78697pt x 773.60669pt.
File: Part_B/code.pdf Graphic file (type pdf)
<use Part_B/code.pdf, page 1>
Package luatex.def Info: Part_B/code.pdf , page1 used on input line 30.
(luatex.def)             Requested size: 597.78697pt x 773.60669pt.


File: Part_B/code.pdf Graphic file (type pdf)
<use Part_B/code.pdf, page 1>
Package luatex.def Info: Part_B/code.pdf , page1 used on input line 30.
(luatex.def)             Requested size: 597.78697pt x 773.60669pt.
[2




<./Part_B/code.pdf>]
<Part_B/code.pdf, id=86, page=2, 614.295pt x 794.97pt>
File: Part_B/code.pdf Graphic file (type pdf)
<use Part_B/code.pdf, page 2>
Package luatex.def Info: Part_B/code.pdf , page2 used on input line 30.
(luatex.def)             Requested size: 597.78697pt x 773.60669pt.
File: Part_B/code.pdf Graphic file (type pdf)
<use Part_B/code.pdf, page 2>
Package luatex.def Info: Part_B/code.pdf , page2 used on input line 30.
(luatex.def)             Requested size: 597.78697pt x 773.60669pt.


File: Part_B/code.pdf Graphic file (type pdf)
<use Part_B/code.pdf, page 2>
Package luatex.def Info: Part_B/code.pdf , page2 used on input line 30.
(luatex.def)             Requested size: 597.78697pt x 773.60669pt.
[3

<./Part_B/code.pdf>]
<Part_B/code.pdf, id=91, page=3, 614.295pt x 794.97pt>
File: Part_B/code.pdf Graphic file (type pdf)
<use Part_B/code.pdf, page 3>
Package luatex.def Info: Part_B/code.pdf , page3 used on input line 30.
(luatex.def)             Requested size: 597.78697pt x 773.60669pt.
File: Part_B/code.pdf Graphic file (type pdf)
<use Part_B/code.pdf, page 3>
Package luatex.def Info: Part_B/code.pdf , page3 used on input line 30.
(luatex.def)             Requested size: 597.78697pt x 773.60669pt.


File: Part_B/code.pdf Graphic file (type pdf)
<use Part_B/code.pdf, page 3>
Package luatex.def Info: Part_B/code.pdf , page3 used on input line 30.
(luatex.def)             Requested size: 597.78697pt x 773.60669pt.
[4

<./Part_B/code.pdf>]
<Part_B/code.pdf, id=96, page=4, 614.295pt x 794.97pt>
File: Part_B/code.pdf Graphic file (type pdf)
<use Part_B/code.pdf, page 4>
Package luatex.def Info: Part_B/code.pdf , page4 used on input line 30.
(luatex.def)             Requested size: 597.78697pt x 773.60669pt.
File: Part_B/code.pdf Graphic file (type pdf)
<use Part_B/code.pdf, page 4>
Package luatex.def Info: Part_B/code.pdf , page4 used on input line 30.
(luatex.def)             Requested size: 597.78697pt x 773.60669pt.


File: Part_B/code.pdf Graphic file (type pdf)
<use Part_B/code.pdf, page 4>
Package luatex.def Info: Part_B/code.pdf , page4 used on input line 30.
(luatex.def)             Requested size: 597.78697pt x 773.60669pt.
[5

<./Part_B/code.pdf>]
<Part_B/code.pdf, id=101, page=5, 614.295pt x 794.97pt>
File: Part_B/code.pdf Graphic file (type pdf)
<use Part_B/code.pdf, page 5>
Package luatex.def Info: Part_B/code.pdf , page5 used on input line 30.
(luatex.def)             Requested size: 597.78697pt x 773.60669pt.
File: Part_B/code.pdf Graphic file (type pdf)
<use Part_B/code.pdf, page 5>
Package luatex.def Info: Part_B/code.pdf , page5 used on input line 30.
(luatex.def)             Requested size: 597.78697pt x 773.60669pt.


File: Part_B/code.pdf Graphic file (type pdf)
<use Part_B/code.pdf, page 5>
Package luatex.def Info: Part_B/code.pdf , page5 used on input line 30.
(luatex.def)             Requested size: 597.78697pt x 773.60669pt.
[6

<./Part_B/code.pdf>]
<Part_B/code.pdf, id=106, page=6, 614.295pt x 794.97pt>
File: Part_B/code.pdf Graphic file (type pdf)
<use Part_B/code.pdf, page 6>
Package luatex.def Info: Part_B/code.pdf , page6 used on input line 30.
(luatex.def)             Requested size: 597.78697pt x 773.60669pt.
File: Part_B/code.pdf Graphic file (type pdf)
<use Part_B/code.pdf, page 6>
Package luatex.def Info: Part_B/code.pdf , page6 used on input line 30.
(luatex.def)             Requested size: 597.78697pt x 773.60669pt.


File: Part_B/code.pdf Graphic file (type pdf)
<use Part_B/code.pdf, page 6>
Package luatex.def Info: Part_B/code.pdf , page6 used on input line 30.
(luatex.def)             Requested size: 597.78697pt x 773.60669pt.
[7

<./Part_B/code.pdf>]
<Part_B/code.pdf, id=115, page=7, 614.295pt x 794.97pt>
File: Part_B/code.pdf Graphic file (type pdf)
<use Part_B/code.pdf, page 7>
Package luatex.def Info: Part_B/code.pdf , page7 used on input line 30.
(luatex.def)             Requested size: 597.78697pt x 773.60669pt.
File: Part_B/code.pdf Graphic file (type pdf)
<use Part_B/code.pdf, page 7>
Package luatex.def Info: Part_B/code.pdf , page7 used on input line 30.
(luatex.def)             Requested size: 597.78697pt x 773.60669pt.


File: Part_B/code.pdf Graphic file (type pdf)
<use Part_B/code.pdf, page 7>
Package luatex.def Info: Part_B/code.pdf , page7 used on input line 30.
(luatex.def)             Requested size: 597.78697pt x 773.60669pt.
[8

<./Part_B/code.pdf>]
<Part_B/code.pdf, id=124, page=8, 614.295pt x 794.97pt>
File: Part_B/code.pdf Graphic file (type pdf)
<use Part_B/code.pdf, page 8>
Package luatex.def Info: Part_B/code.pdf , page8 used on input line 30.
(luatex.def)             Requested size: 597.78697pt x 773.60669pt.
File: Part_B/code.pdf Graphic file (type pdf)
<use Part_B/code.pdf, page 8>
Package luatex.def Info: Part_B/code.pdf , page8 used on input line 30.
(luatex.def)             Requested size: 597.78697pt x 773.60669pt.


File: Part_B/code.pdf Graphic file (type pdf)
<use Part_B/code.pdf, page 8>
Package luatex.def Info: Part_B/code.pdf , page8 used on input line 30.
(luatex.def)             Requested size: 597.78697pt x 773.60669pt.
[9

<./Part_B/code.pdf>] (./main.aux (./Part_B/part_b.aux))
 ***********
LaTeX2e <2025-06-01> patch level 1
L3 programming layer <2025-06-09>
 ***********


Package rerunfilecheck Warning: File `main.out' has changed.
(rerunfilecheck)                Rerun to get outlines right
(rerunfilecheck)                or use package `bookmark'.

Package rerunfilecheck Info: Checksums for `main.out':
(rerunfilecheck)             Before: A46123A2E061B76F688D0590FAAF380B;531
(rerunfilecheck)             After:  D41D8CD98F00B204E9800998ECF8427E;0.
)

Here is how much of LuaTeX's memory you used:
 15626 strings out of 470205
 100000,953878 words of node,token memory allocated
 626 words of node memory still in use:
   6 hlist, 2 vlist, 2 rule, 2 glue, 4 kern, 1 glyph, 53 attribute, 56 glue_spec
, 20 attribute_list, 1 write nodes
   avail lists: 2:1406,3:66,4:21,5:128,6:18,7:853,8:1,9:159,10:8,11:39
 43543 multiletter control sequences out of 65536+600000
 37 fonts using 2528647 bytes
 73i,17n,75p,440b,491s stack positions out of 10000i,1000n,20000p,200000b,200000s

warning  (pdf backend): unreferenced destination with name 'section.3'

warning  (pdf backend): unreferenced destination with name 'section.2'

warning  (pdf backend): unreferenced destination with name 'section.1'
</nix/store/swxn2kgfg47a8r0igh45r51c7x3mk92s-lm-2.005-tex/fonts/opentype/public/
lm/lmroman10-regular.otf></nix/store/swxn2kgfg47a8r0igh45r51c7x3mk92s-lm-2.005-t
ex/fonts/opentype/public/lm/lmroman12-bold.otf></nix/store/swxn2kgfg47a8r0igh45r
51c7x3mk92s-lm-2.005-tex/fonts/opentype/public/lm/lmroman12-regular.otf></nix/st
ore/swxn2kgfg47a8r0igh45r51c7x3mk92s-lm-2.005-tex/fonts/opentype/public/lm/lmrom
an17-regular.otf>
Output written on main.pdf (9 pages, 385234 bytes).

PDF statistics: 158 PDF objects out of 1000 (max. 8388607)
 95 compressed objects within 1 object stream
 16 named destinations out of 1000 (max. 131072)
 25 words of extra memory for PDF output out of 10000 (max. 100000000)

